1700647386911	geckodriver	INFO	Listening on 127.0.0.1:63772
1700647389956	mozrunner::runner	INFO	Running command: "C:\\Program Files\\Mozilla Firefox\\firefox.exe" "--marionette" "--remote-debugging-port" "63773" "--remote-allow-hosts" "localhost" "-no-remote" "-profile" "C:\\Users\\Rohit\\AppData\\Local\\Temp\\rust_mozprofileqfJyRA"
console.warn: services.settings: Ignoring preference override of remote settings server
console.warn: services.settings: Allow by setting MOZ_REMOTE_SETTINGS_DEVTOOLS=1 in the environment
1700647390567	Marionette	INFO	Marionette enabled
Dynamically enable window occlusion 0
1700647390703	Marionette	INFO	Listening on port 63792
WebDriver BiDi listening on ws://127.0.0.1:63773
Read port: 63792
1700647390915	RemoteAgent	WARN	TLS certificate errors will be ignored for this session
DevTools listening on ws://127.0.0.1:63773/devtools/browser/29be3846-ff08-4752-84f2-f5b4c9d5d437
JavaScript error: resource://gre/modules/XULStore.sys.mjs, line 60: Error: Can't find profile directory.
JavaScript warning: https://www.google.com/js/th/lYY52XQrUlH64Wh-f-QMzQSikq1nuSlNPE5Z4_DU2e4.js line 2 > eval line 6260 > eval line 1 > eval line 1 > eval, line 1: WEBGL_debug_renderer_info is deprecated in Firefox and will be removed. Please use RENDERER.
1700647420889	addons.xpi	ERROR	System addon update list error SyntaxError: XMLHttpRequest.open: 'http://%(server)s/dummy-system-addons.xml' is not a valid URL.
JavaScript warning: https://www.youtube.com/s/desktop/842f5576/jsbin/desktop_polymer.vflset/desktop_polymer.js, line 2606: Script terminated by timeout at:
up.prototype.transition@https://www.youtube.com/s/desktop/842f5576/jsbin/desktop_polymer.vflset/desktop_polymer.js:2606:33
tJ/<@https://www.youtube.com/s/desktop/842f5576/jsbin/desktop_polymer.vflset/desktop_polymer.js:9093:114

1700647426690	Marionette	INFO	Stopped listening on port 63792
Dynamically enable window occlusion 1
1700649975257	geckodriver	INFO	Listening on 127.0.0.1:64334
1700649978323	mozrunner::runner	INFO	Running command: "C:\\Program Files\\Mozilla Firefox\\firefox.exe" "--marionette" "--remote-debugging-port" "64335" "--remote-allow-hosts" "localhost" "-no-remote" "-profile" "C:\\Users\\Rohit\\AppData\\Local\\Temp\\rust_mozprofilefK4n8B"
console.warn: services.settings: Ignoring preference override of remote settings server
console.warn: services.settings: Allow by setting MOZ_REMOTE_SETTINGS_DEVTOOLS=1 in the environment
1700649978824	Marionette	INFO	Marionette enabled
Dynamically enable window occlusion 0
1700649978956	Marionette	INFO	Listening on port 64342
WebDriver BiDi listening on ws://127.0.0.1:64335
Read port: 64342
1700649979168	RemoteAgent	WARN	TLS certificate errors will be ignored for this session
DevTools listening on ws://127.0.0.1:64335/devtools/browser/40df99ff-6478-45e9-8c80-fd411c6c22c6
1700650011784	addons.xpi	ERROR	System addon update list error SyntaxError: XMLHttpRequest.open: 'http://%(server)s/dummy-system-addons.xml' is not a valid URL.
1700650022268	Marionette	INFO	Stopped listening on port 64342
Dynamically enable window occlusion 1
1700650024717	geckodriver	INFO	Listening on 127.0.0.1:64428
1700650027785	mozrunner::runner	INFO	Running command: "C:\\Program Files\\Mozilla Firefox\\firefox.exe" "--marionette" "--remote-debugging-port" "64429" "--remote-allow-hosts" "localhost" "-no-remote" "-profile" "C:\\Users\\Rohit\\AppData\\Local\\Temp\\rust_mozprofile7Wjb6h"
console.warn: services.settings: Ignoring preference override of remote settings server
console.warn: services.settings: Allow by setting MOZ_REMOTE_SETTINGS_DEVTOOLS=1 in the environment
1700650028134	Marionette	INFO	Marionette enabled
Dynamically enable window occlusion 0
1700650028243	Marionette	INFO	Listening on port 64436
Read port: 64436
WebDriver BiDi listening on ws://127.0.0.1:64429
1700650028321	RemoteAgent	WARN	TLS certificate errors will be ignored for this session
DevTools listening on ws://127.0.0.1:64429/devtools/browser/fbf6946b-6d5b-4138-9032-288bf3661bc8
JavaScript warning: https://www.google.com/js/th/lYY52XQrUlH64Wh-f-QMzQSikq1nuSlNPE5Z4_DU2e4.js line 2 > eval line 587 > eval line 1 > eval line 1 > eval, line 1: WEBGL_debug_renderer_info is deprecated in Firefox and will be removed. Please use RENDERER.
JavaScript warning: https://www.youtube.com/s/desktop/842f5576/jsbin/desktop_polymer.vflset/desktop_polymer.js, line 2606: Script terminated by timeout at:
up.prototype.transition@https://www.youtube.com/s/desktop/842f5576/jsbin/desktop_polymer.vflset/desktop_polymer.js:2606:33
tJ/<@https://www.youtube.com/s/desktop/842f5576/jsbin/desktop_polymer.vflset/desktop_polymer.js:9093:114

1700650049405	Marionette	INFO	Stopped listening on port 64436
Dynamically enable window occlusion 1
1703662354635	geckodriver	INFO	Listening on 127.0.0.1:59505
1703662357704	mozrunner::runner	INFO	Running command: "C:\\Program Files\\Mozilla Firefox\\firefox.exe" "--marionette" "--remote-debugging-port" "59506" "--remote-allow-hosts" "localhost" "-no-remote" "-profile" "C:\\Users\\Rohit\\AppData\\Local\\Temp\\rust_mozprofileTfmMJR"
1703662375653	geckodriver	INFO	Listening on 127.0.0.1:59553
1703662378708	mozrunner::runner	INFO	Running command: "C:\\Program Files\\Mozilla Firefox\\firefox.exe" "--marionette" "--remote-debugging-port" "59554" "--remote-allow-hosts" "localhost" "-no-remote" "-profile" "C:\\Users\\Rohit\\AppData\\Local\\Temp\\rust_mozprofileO3PC6Z"
console.warn: services.settings: Ignoring preference override of remote settings server
console.warn: services.settings: Allow by setting MOZ_REMOTE_SETTINGS_DEVTOOLS=1 in the environment
1703662378944	Marionette	INFO	Marionette enabled
Dynamically enable window occlusion 0
1703662379019	Marionette	INFO	Listening on port 59561
WebDriver BiDi listening on ws://127.0.0.1:59554
Read port: 59561
1703662379139	RemoteAgent	WARN	TLS certificate errors will be ignored for this session
DevTools listening on ws://127.0.0.1:59554/devtools/browser/08fd9a40-e267-4c98-8dad-6ca2eb6449f4
1703662408977	addons.xpi	ERROR	System addon update list error SyntaxError: XMLHttpRequest.open: 'http://%(server)s/dummy-system-addons.xml' is not a valid URL.
console.log: "RemoteSettingsWorker error: DataError: IndexedDB: records, timestamps execute() Data provided to an operation does not meet requirements."
console.error: (new RemoteSettingsWorkerError("DataError: IndexedDB: records, timestamps execute() Data provided to an operation does not meet requirements.", "resource://services-settings/RemoteSettingsWorker.sys.mjs", 34))
JavaScript warning: https://www.youtube.com/s/player/da154528/player_ias.vflset/en_US/base.js, line 2377: Script terminated by timeout at:
bF@https://www.youtube.com/s/player/da154528/player_ias.vflset/en_US/base.js:2377:9
Bsa.prototype.resolve@https://www.youtube.com/s/player/da154528/player_ias.vflset/en_US/base.js:8734:58
KH@https://www.youtube.com/s/player/da154528/player_ias.vflset/en_US/base.js:2780:160
g.OB/<@https://www.youtube.com/s/player/da154528/player_ias.vflset/en_US/base.js:1921:65
cI@https://www.youtube.com/s/player/da154528/player_ias.vflset/en_US/base.js:2813:35
@https://www.youtube.com/:15:496

1703662424633	Marionette	INFO	Stopped listening on port 59561
Dynamically enable window occlusion 1
